<?xml version="1.0" encoding="UTF-8"?>
<!-- Generated by org.testng.reporters.JUnitXMLReporter -->
<testsuite ignored="0" hostname="DESKTOP-8GAKHLN" failures="0" tests="5" name="Regression1" time="73.448" errors="0" timestamp="2021-07-21T15:15:54 EDT">
  <testcase classname="tests.LoginTest" name="WrongEmailTest" time="2.611"/>
  <testcase classname="tests.LoginTest" name="rightEmailAndPassword" time="14.229"/>
  <testcase classname="tests.LoginTest" name="wrongEmailAndPasswordTest" time="2.523"/>
  <testcase classname="tests.LoginTest" name="wrongpasswordTest" time="2.794"/>
  <testcase classname="tests.HomePageTest" name="Searchofcooker" time="2.15"/>
</testsuite> <!-- Regression1 -->
